<?xml version="1.0" encoding="UTF-8"?>
<testsuite xmlns:xsi="http://www.w3.org/2001/XMLSchema-instance" xsi:noNamespaceSchemaLocation="https://maven.apache.org/surefire/maven-surefire-plugin/xsd/surefire-test-report.xsd" name="gd.rf.jsgames.AppTest" time="0.03" tests="5" errors="0" skipped="0" failures="0">
  <properties>
[...]
</properties>
  <testcase name="testDotExists" classname="gd.rf.jsgames.AppTest" time="0.003"/>
  <testcase name="grassSelectedExists" classname="gd.rf.jsgames.AppTest" time="0"/>
  <testcase name="shouldAnswerWithTrue" classname="gd.rf.jsgames.AppTest" time="0"/>
  <testcase name="grassExists" classname="gd.rf.jsgames.AppTest" time="0"/>
  <testcase name="settlerExists" classname="gd.rf.jsgames.AppTest" time="0"/>
</testsuite>